<!DOCTYPE html PUBLIC "-//W3C//DTD XHTML 1.1//EN" "http://www.w3.org/TR/xhtml11/DTD/xhtml11.dtd">
<html xmlns="http://www.w3.org/1999/xhtml"><head><title>TestNG Report</title><style type="text/css">table {margin-bottom:10px;border-collapse:collapse;empty-cells:show}th,td {border:1px solid #009;padding:.25em .5em}th {vertical-align:bottom}td {vertical-align:top}table a {font-weight:bold}.stripe td {background-color: #E6EBF9}.num {text-align:right}.passedodd td {background-color: #3F3}.passedeven td {background-color: #0A0}.skippedodd td {background-color: #DDD}.skippedeven td {background-color: #CCC}.failedodd td,.attn {background-color: #F33}.failedeven td,.stripe .attn {background-color: #D00}.stacktrace {white-space:pre;font-family:monospace}.totop {font-size:85%;text-align:center;border-bottom:2px solid #000}</style></head><body><table><tr><th>Test</th><th># Passed</th><th># Skipped</th><th># Failed</th><th>Time (ms)</th><th>Included Groups</th><th>Excluded Groups</th></tr><tr><th colspan="7">Suite</th></tr><tr><td><a href="#t0">Test Chrome</a></td><td class="num">0</td><td class="num attn">6</td><td class="num">0</td><td class="num">24.891</td><td></td><td></td></tr></table><table><thead><tr><th>Class</th><th>Method</th><th>Start</th><th>Time (ms)</th></tr></thead><tbody><tr><th colspan="4">Suite</th></tr></tbody><tbody id="t0"><tr><th colspan="4">Test Chrome &#8212; failed (configuration methods)</th></tr><tr class="failedeven"><td rowspan="1">testLibrary.SmokeTestRemoteProd</td><td><a href="#m0">beforeClass</a></td><td rowspan="1">1465265576762</td><td rowspan="1">0</td></tr><tr><th colspan="4">Test Chrome &#8212; skipped (configuration methods)</th></tr><tr class="skippedeven"><td rowspan="1">testLibrary.SmokeTestRemoteProd</td><td><a href="#m1">afterClass</a></td><td rowspan="1">1465265594962</td><td rowspan="1">0</td></tr><tr><th colspan="4">Test Chrome &#8212; skipped</th></tr><tr class="skippedeven"><td rowspan="6">testLibrary.SmokeTestRemoteProd</td><td><a href="#m2">applyPromoCode</a></td><td rowspan="1">1465265594962</td><td rowspan="1">0</td></tr><tr class="skippedeven"><td><a href="#m3">fillAccountForm</a></td><td rowspan="1">1465265594957</td><td rowspan="1">0</td></tr><tr class="skippedeven"><td><a href="#m4">fillBillingForm</a></td><td rowspan="1">1465265594961</td><td rowspan="1">0</td></tr><tr class="skippedeven"><td><a href="#m5">fillPaymentForm</a></td><td rowspan="1">1465265594958</td><td rowspan="1">0</td></tr><tr class="skippedeven"><td><a href="#m6">fillShippingForm</a></td><td rowspan="1">1465265594961</td><td rowspan="1">0</td></tr><tr class="skippedeven"><td><a href="#m7">verifyProductPrice</a></td><td rowspan="1">1465265594956</td><td rowspan="1">0</td></tr></tbody></table><h2>Test Chrome</h2><h3 id="m0">testLibrary.SmokeTestRemoteProd#beforeClass</h3><table class="result"><tr class="param"><th>Parameter #1</th></tr><tr class="param stripe"><td>stg</td></tr><tr><th>Exception</th></tr><tr><td><div class="stacktrace">org.openqa.selenium.NoSuchWindowException: Window not found. The browser window may have been closed.
Build info: version: &apos;2.53.0&apos;, revision: &apos;35ae25b&apos;, time: &apos;2016-03-15 17:00:58&apos;
System info: host: &apos;MacBook-Pro-de-Juan.local&apos;, ip: &apos;192.168.0.5&apos;, os.name: &apos;Mac OS X&apos;, os.arch: &apos;x86_64&apos;, os.version: &apos;10.11.5&apos;, java.version: &apos;1.8.0_91&apos;
Driver info: driver.version: unknown
Command duration or timeout: 403 milliseconds
Build info: version: &apos;2.53.0&apos;, revision: &apos;35ae25b&apos;, time: &apos;2016-03-15 16:57:40&apos;
System info: host: &apos;MacBook-Pro-de-Juan.local&apos;, ip: &apos;192.168.0.5&apos;, os.name: &apos;Mac OS X&apos;, os.arch: &apos;x86_64&apos;, os.version: &apos;10.11.5&apos;, java.version: &apos;1.8.0_91&apos;
Driver info: org.openqa.selenium.remote.RemoteWebDriver
Capabilities [{applicationCacheEnabled=true, rotatable=false, handlesAlerts=true, databaseEnabled=true, version=46.0.1, platform=MAC, nativeEvents=false, elementScrollBehavior=1, acceptSslCerts=true, webdriver.remote.sessionid=cbcd9837-42cb-4648-92c9-7f751e859fa5, webStorageEnabled=true, locationContextEnabled=true, browserName=firefox, takesScreenshot=true, javascriptEnabled=true, cssSelectorsEnabled=true}]
Session ID: cbcd9837-42cb-4648-92c9-7f751e859fa5
*** Element info: {Using=css selector, value=section.product-select}
	at org.openqa.selenium.remote.ErrorHandler.createThrowable(ErrorHandler.java:206)
	at org.openqa.selenium.remote.ErrorHandler.throwIfResponseFailed(ErrorHandler.java:158)
	at org.openqa.selenium.remote.RemoteWebDriver.execute(RemoteWebDriver.java:678)
	at org.openqa.selenium.remote.RemoteWebDriver.findElement(RemoteWebDriver.java:363)
	at org.openqa.selenium.remote.RemoteWebDriver.findElementByCssSelector(RemoteWebDriver.java:492)
	at org.openqa.selenium.By$ByCssSelector.findElement(By.java:430)
	at org.openqa.selenium.remote.RemoteWebDriver.findElement(RemoteWebDriver.java:355)
	at org.openqa.selenium.support.pagefactory.DefaultElementLocator.findElement(DefaultElementLocator.java:69)
	at org.openqa.selenium.support.pagefactory.AjaxElementLocator.access$0(AjaxElementLocator.java:1)
	at org.openqa.selenium.support.pagefactory.AjaxElementLocator$SlowLoadingElement.isLoaded(AjaxElementLocator.java:157)
	at org.openqa.selenium.support.ui.SlowLoadableComponent.get(SlowLoadableComponent.java:49)
	at org.openqa.selenium.support.pagefactory.AjaxElementLocator.findElement(AjaxElementLocator.java:87)
	at org.openqa.selenium.support.pagefactory.internal.LocatingElementHandler.invoke(LocatingElementHandler.java:38)
	at com.sun.proxy.$Proxy8.isDisplayed(Unknown Source)
	at poCheckout.Product.&lt;init&gt;(Product.java:36)
	at testLibrary.SmokeTestRemoteProd.beforeClass(SmokeTestRemoteProd.java:250)
Caused by: org.openqa.selenium.remote.ScreenshotException: Screen shot has been taken
Build info: version: &apos;2.53.0&apos;, revision: &apos;35ae25b&apos;, time: &apos;2016-03-15 16:57:40&apos;
System info: host: &apos;MacBook-Pro-de-Juan.local&apos;, ip: &apos;192.168.0.5&apos;, os.name: &apos;Mac OS X&apos;, os.arch: &apos;x86_64&apos;, os.version: &apos;10.11.5&apos;, java.version: &apos;1.8.0_91&apos;
Driver info: driver.version: RemoteWebDriver
	at org.openqa.selenium.remote.ErrorHandler.throwIfResponseFailed(ErrorHandler.java:138)
	... 37 more
Caused by: org.openqa.selenium.NoSuchWindowException: Window not found. The browser window may have been closed.
Build info: version: &apos;2.53.0&apos;, revision: &apos;35ae25b&apos;, time: &apos;2016-03-15 17:00:58&apos;
System info: host: &apos;MacBook-Pro-de-Juan.local&apos;, ip: &apos;192.168.0.5&apos;, os.name: &apos;Mac OS X&apos;, os.arch: &apos;x86_64&apos;, os.version: &apos;10.11.5&apos;, java.version: &apos;1.8.0_91&apos;
Driver info: driver.version: unknown
Build info: version: &apos;2.53.0&apos;, revision: &apos;35ae25b&apos;, time: &apos;2016-03-15 16:57:40&apos;
System info: host: &apos;MacBook-Pro-de-Juan.local&apos;, ip: &apos;192.168.0.5&apos;, os.name: &apos;Mac OS X&apos;, os.arch: &apos;x86_64&apos;, os.version: &apos;10.11.5&apos;, java.version: &apos;1.8.0_91&apos;
Driver info: driver.version: unknown
	at &lt;anonymous class&gt;.nsCommandProcessor.prototype.execute(file:///var/folders/fv/b9qkx4vd1wz7t7gmly87p0s80000gn/T/anonymous6265581970985018701webdriver-profile/extensions/fxdriver@googlecode.com/components/command-processor.js:12719)
	at &lt;anonymous class&gt;.Dispatcher.executeAs/&lt;(file:///var/folders/fv/b9qkx4vd1wz7t7gmly87p0s80000gn/T/anonymous6265581970985018701webdriver-profile/extensions/fxdriver@googlecode.com/components/driver-component.js:9558)
	at &lt;anonymous class&gt;.Resource.prototype.handle(file:///var/folders/fv/b9qkx4vd1wz7t7gmly87p0s80000gn/T/anonymous6265581970985018701webdriver-profile/extensions/fxdriver@googlecode.com/components/driver-component.js:9705)
	at &lt;anonymous class&gt;.Dispatcher.prototype.dispatch(file:///var/folders/fv/b9qkx4vd1wz7t7gmly87p0s80000gn/T/anonymous6265581970985018701webdriver-profile/extensions/fxdriver@googlecode.com/components/driver-component.js:9652)
	at &lt;anonymous class&gt;.WebDriverServer/&lt;.handle(file:///var/folders/fv/b9qkx4vd1wz7t7gmly87p0s80000gn/T/anonymous6265581970985018701webdriver-profile/extensions/fxdriver@googlecode.com/components/driver-component.js:12517)
	at &lt;anonymous class&gt;.createHandlerFunc/&lt;(file:///var/folders/fv/b9qkx4vd1wz7t7gmly87p0s80000gn/T/anonymous6265581970985018701webdriver-profile/extensions/fxdriver@googlecode.com/components/httpd.js:2054)
	at &lt;anonymous class&gt;.ServerHandler.prototype.handleResponse(file:///var/folders/fv/b9qkx4vd1wz7t7gmly87p0s80000gn/T/anonymous6265581970985018701webdriver-profile/extensions/fxdriver@googlecode.com/components/httpd.js:2387)
	at &lt;anonymous class&gt;.Connection.prototype.process(file:///var/folders/fv/b9qkx4vd1wz7t7gmly87p0s80000gn/T/anonymous6265581970985018701webdriver-profile/extensions/fxdriver@googlecode.com/components/httpd.js:1223)
	at &lt;anonymous class&gt;.RequestReader.prototype._handleResponse(file:///var/folders/fv/b9qkx4vd1wz7t7gmly87p0s80000gn/T/anonymous6265581970985018701webdriver-profile/extensions/fxdriver@googlecode.com/components/httpd.js:1677)
	at &lt;anonymous class&gt;.RequestReader.prototype._processBody(file:///var/folders/fv/b9qkx4vd1wz7t7gmly87p0s80000gn/T/anonymous6265581970985018701webdriver-profile/extensions/fxdriver@googlecode.com/components/httpd.js:1525)
	at &lt;anonymous class&gt;.RequestReader.prototype.onInputStreamReady(file:///var/folders/fv/b9qkx4vd1wz7t7gmly87p0s80000gn/T/anonymous6265581970985018701webdriver-profile/extensions/fxdriver@googlecode.com/components/httpd.js:1393)
... Removed 27 stack frames</div></td></tr></table><p class="totop"><a href="#summary">back to summary</a></p><h3 id="m1">testLibrary.SmokeTestRemoteProd#afterClass</h3><table class="result"></table><p class="totop"><a href="#summary">back to summary</a></p><h3 id="m2">testLibrary.SmokeTestRemoteProd#applyPromoCode</h3><table class="result"></table><p class="totop"><a href="#summary">back to summary</a></p><h3 id="m3">testLibrary.SmokeTestRemoteProd#fillAccountForm</h3><table class="result"></table><p class="totop"><a href="#summary">back to summary</a></p><h3 id="m4">testLibrary.SmokeTestRemoteProd#fillBillingForm</h3><table class="result"></table><p class="totop"><a href="#summary">back to summary</a></p><h3 id="m5">testLibrary.SmokeTestRemoteProd#fillPaymentForm</h3><table class="result"></table><p class="totop"><a href="#summary">back to summary</a></p><h3 id="m6">testLibrary.SmokeTestRemoteProd#fillShippingForm</h3><table class="result"></table><p class="totop"><a href="#summary">back to summary</a></p><h3 id="m7">testLibrary.SmokeTestRemoteProd#verifyProductPrice</h3><table class="result"></table><p class="totop"><a href="#summary">back to summary</a></p></body></html>