<?xml version="1.0" encoding="UTF-8"?>
<testng-results skipped="6" failed="0" total="6" passed="0">
  <reporter-output>
  </reporter-output>
  <suite name="Suite" duration-ms="24891" started-at="2016-06-07T02:12:50Z" finished-at="2016-06-07T02:13:14Z">
    <groups>
    </groups>
    <test name="Test Chrome" duration-ms="24891" started-at="2016-06-07T02:12:50Z" finished-at="2016-06-07T02:13:14Z">
      <class name="testLibrary.SmokeTestRemoteProd">
        <test-method status="PASS" signature="setup(java.lang.String, java.lang.String)[pri:0, instance:testLibrary.SmokeTestRemoteProd@5e025e70]" name="setup" is-config="true" duration-ms="6681" started-at="2016-06-06T21:12:50Z" finished-at="2016-06-06T21:12:56Z">
          <params>
            <param index="0">
              <value>
                <![CDATA[firefox]]>
              </value>
            </param>
            <param index="1">
              <value>
                <![CDATA[large]]>
              </value>
            </param>
          </params>
          <reporter-output>
          </reporter-output>
        </test-method> <!-- setup -->
        <test-method status="FAIL" signature="beforeClass(java.lang.String)[pri:0, instance:testLibrary.SmokeTestRemoteProd@5e025e70]" name="beforeClass" is-config="true" duration-ms="0" started-at="2016-06-06T21:12:56Z" finished-at="2016-06-06T21:12:56Z">
          <params>
            <param index="0">
              <value>
                <![CDATA[stg]]>
              </value>
            </param>
          </params>
          <exception class="org.openqa.selenium.NoSuchWindowException">
            <message>
              <![CDATA[Window not found. The browser window may have been closed.
Build info: version: '2.53.0', revision: '35ae25b', time: '2016-03-15 17:00:58'
System info: host: 'MacBook-Pro-de-Juan.local', ip: '192.168.0.5', os.name: 'Mac OS X', os.arch: 'x86_64', os.version: '10.11.5', java.version: '1.8.0_91'
Driver info: driver.version: unknown
Command duration or timeout: 403 milliseconds
Build info: version: '2.53.0', revision: '35ae25b', time: '2016-03-15 16:57:40'
System info: host: 'MacBook-Pro-de-Juan.local', ip: '192.168.0.5', os.name: 'Mac OS X', os.arch: 'x86_64', os.version: '10.11.5', java.version: '1.8.0_91'
Driver info: org.openqa.selenium.remote.RemoteWebDriver
Capabilities [{applicationCacheEnabled=true, rotatable=false, handlesAlerts=true, databaseEnabled=true, version=46.0.1, platform=MAC, nativeEvents=false, elementScrollBehavior=1, acceptSslCerts=true, webdriver.remote.sessionid=cbcd9837-42cb-4648-92c9-7f751e859fa5, webStorageEnabled=true, locationContextEnabled=true, browserName=firefox, takesScreenshot=true, javascriptEnabled=true, cssSelectorsEnabled=true}]
Session ID: cbcd9837-42cb-4648-92c9-7f751e859fa5
*** Element info: {Using=css selector, value=section.product-select}]]>
            </message>
            <full-stacktrace>
              <![CDATA[org.openqa.selenium.NoSuchWindowException: Window not found. The browser window may have been closed.
Build info: version: '2.53.0', revision: '35ae25b', time: '2016-03-15 17:00:58'
System info: host: 'MacBook-Pro-de-Juan.local', ip: '192.168.0.5', os.name: 'Mac OS X', os.arch: 'x86_64', os.version: '10.11.5', java.version: '1.8.0_91'
Driver info: driver.version: unknown
Command duration or timeout: 403 milliseconds
Build info: version: '2.53.0', revision: '35ae25b', time: '2016-03-15 16:57:40'
System info: host: 'MacBook-Pro-de-Juan.local', ip: '192.168.0.5', os.name: 'Mac OS X', os.arch: 'x86_64', os.version: '10.11.5', java.version: '1.8.0_91'
Driver info: org.openqa.selenium.remote.RemoteWebDriver
Capabilities [{applicationCacheEnabled=true, rotatable=false, handlesAlerts=true, databaseEnabled=true, version=46.0.1, platform=MAC, nativeEvents=false, elementScrollBehavior=1, acceptSslCerts=true, webdriver.remote.sessionid=cbcd9837-42cb-4648-92c9-7f751e859fa5, webStorageEnabled=true, locationContextEnabled=true, browserName=firefox, takesScreenshot=true, javascriptEnabled=true, cssSelectorsEnabled=true}]
Session ID: cbcd9837-42cb-4648-92c9-7f751e859fa5
*** Element info: {Using=css selector, value=section.product-select}
	at sun.reflect.NativeConstructorAccessorImpl.newInstance0(Native Method)
	at sun.reflect.NativeConstructorAccessorImpl.newInstance(NativeConstructorAccessorImpl.java:62)
	at sun.reflect.DelegatingConstructorAccessorImpl.newInstance(DelegatingConstructorAccessorImpl.java:45)
	at java.lang.reflect.Constructor.newInstance(Constructor.java:423)
	at org.openqa.selenium.remote.ErrorHandler.createThrowable(ErrorHandler.java:206)
	at org.openqa.selenium.remote.ErrorHandler.throwIfResponseFailed(ErrorHandler.java:158)
	at org.openqa.selenium.remote.RemoteWebDriver.execute(RemoteWebDriver.java:678)
	at org.openqa.selenium.remote.RemoteWebDriver.findElement(RemoteWebDriver.java:363)
	at org.openqa.selenium.remote.RemoteWebDriver.findElementByCssSelector(RemoteWebDriver.java:492)
	at org.openqa.selenium.By$ByCssSelector.findElement(By.java:430)
	at org.openqa.selenium.remote.RemoteWebDriver.findElement(RemoteWebDriver.java:355)
	at org.openqa.selenium.support.pagefactory.DefaultElementLocator.findElement(DefaultElementLocator.java:69)
	at org.openqa.selenium.support.pagefactory.AjaxElementLocator.access$0(AjaxElementLocator.java:1)
	at org.openqa.selenium.support.pagefactory.AjaxElementLocator$SlowLoadingElement.isLoaded(AjaxElementLocator.java:157)
	at org.openqa.selenium.support.ui.SlowLoadableComponent.get(SlowLoadableComponent.java:49)
	at org.openqa.selenium.support.pagefactory.AjaxElementLocator.findElement(AjaxElementLocator.java:87)
	at org.openqa.selenium.support.pagefactory.internal.LocatingElementHandler.invoke(LocatingElementHandler.java:38)
	at com.sun.proxy.$Proxy8.isDisplayed(Unknown Source)
	at poCheckout.Product.<init>(Product.java:36)
	at testLibrary.SmokeTestRemoteProd.beforeClass(SmokeTestRemoteProd.java:250)
	at sun.reflect.NativeMethodAccessorImpl.invoke0(Native Method)
	at sun.reflect.NativeMethodAccessorImpl.invoke(NativeMethodAccessorImpl.java:62)
	at sun.reflect.DelegatingMethodAccessorImpl.invoke(DelegatingMethodAccessorImpl.java:43)
	at java.lang.reflect.Method.invoke(Method.java:498)
	at org.testng.internal.MethodInvocationHelper.invokeMethod(MethodInvocationHelper.java:85)
	at org.testng.internal.Invoker.invokeConfigurationMethod(Invoker.java:510)
	at org.testng.internal.Invoker.invokeConfigurations(Invoker.java:211)
	at org.testng.internal.Invoker.invokeConfigurations(Invoker.java:138)
	at org.testng.internal.TestMethodWorker.invokeBeforeClassMethods(TestMethodWorker.java:170)
	at org.testng.internal.TestMethodWorker.run(TestMethodWorker.java:104)
	at org.testng.TestRunner.privateRun(TestRunner.java:774)
	at org.testng.TestRunner.run(TestRunner.java:624)
	at org.testng.SuiteRunner.runTest(SuiteRunner.java:359)
	at org.testng.SuiteRunner.runSequentially(SuiteRunner.java:354)
	at org.testng.SuiteRunner.privateRun(SuiteRunner.java:312)
	at org.testng.SuiteRunner.run(SuiteRunner.java:261)
	at org.testng.SuiteRunnerWorker.runSuite(SuiteRunnerWorker.java:52)
	at org.testng.SuiteRunnerWorker.run(SuiteRunnerWorker.java:86)
	at org.testng.TestNG.runSuitesSequentially(TestNG.java:1215)
	at org.testng.TestNG.runSuitesLocally(TestNG.java:1140)
	at org.testng.TestNG.run(TestNG.java:1048)
	at org.testng.TestNG.privateMain(TestNG.java:1355)
	at org.testng.TestNG.main(TestNG.java:1324)
Caused by: org.openqa.selenium.remote.ScreenshotException: Screen shot has been taken
Build info: version: '2.53.0', revision: '35ae25b', time: '2016-03-15 16:57:40'
System info: host: 'MacBook-Pro-de-Juan.local', ip: '192.168.0.5', os.name: 'Mac OS X', os.arch: 'x86_64', os.version: '10.11.5', java.version: '1.8.0_91'
Driver info: driver.version: RemoteWebDriver
	at org.openqa.selenium.remote.ErrorHandler.throwIfResponseFailed(ErrorHandler.java:138)
	... 37 more
Caused by: org.openqa.selenium.NoSuchWindowException: Window not found. The browser window may have been closed.
Build info: version: '2.53.0', revision: '35ae25b', time: '2016-03-15 17:00:58'
System info: host: 'MacBook-Pro-de-Juan.local', ip: '192.168.0.5', os.name: 'Mac OS X', os.arch: 'x86_64', os.version: '10.11.5', java.version: '1.8.0_91'
Driver info: driver.version: unknown
Build info: version: '2.53.0', revision: '35ae25b', time: '2016-03-15 16:57:40'
System info: host: 'MacBook-Pro-de-Juan.local', ip: '192.168.0.5', os.name: 'Mac OS X', os.arch: 'x86_64', os.version: '10.11.5', java.version: '1.8.0_91'
Driver info: driver.version: unknown
	at <anonymous class>.nsCommandProcessor.prototype.execute(file:///var/folders/fv/b9qkx4vd1wz7t7gmly87p0s80000gn/T/anonymous6265581970985018701webdriver-profile/extensions/fxdriver@googlecode.com/components/command-processor.js:12719)
	at <anonymous class>.Dispatcher.executeAs/<(file:///var/folders/fv/b9qkx4vd1wz7t7gmly87p0s80000gn/T/anonymous6265581970985018701webdriver-profile/extensions/fxdriver@googlecode.com/components/driver-component.js:9558)
	at <anonymous class>.Resource.prototype.handle(file:///var/folders/fv/b9qkx4vd1wz7t7gmly87p0s80000gn/T/anonymous6265581970985018701webdriver-profile/extensions/fxdriver@googlecode.com/components/driver-component.js:9705)
	at <anonymous class>.Dispatcher.prototype.dispatch(file:///var/folders/fv/b9qkx4vd1wz7t7gmly87p0s80000gn/T/anonymous6265581970985018701webdriver-profile/extensions/fxdriver@googlecode.com/components/driver-component.js:9652)
	at <anonymous class>.WebDriverServer/<.handle(file:///var/folders/fv/b9qkx4vd1wz7t7gmly87p0s80000gn/T/anonymous6265581970985018701webdriver-profile/extensions/fxdriver@googlecode.com/components/driver-component.js:12517)
	at <anonymous class>.createHandlerFunc/<(file:///var/folders/fv/b9qkx4vd1wz7t7gmly87p0s80000gn/T/anonymous6265581970985018701webdriver-profile/extensions/fxdriver@googlecode.com/components/httpd.js:2054)
	at <anonymous class>.ServerHandler.prototype.handleResponse(file:///var/folders/fv/b9qkx4vd1wz7t7gmly87p0s80000gn/T/anonymous6265581970985018701webdriver-profile/extensions/fxdriver@googlecode.com/components/httpd.js:2387)
	at <anonymous class>.Connection.prototype.process(file:///var/folders/fv/b9qkx4vd1wz7t7gmly87p0s80000gn/T/anonymous6265581970985018701webdriver-profile/extensions/fxdriver@googlecode.com/components/httpd.js:1223)
	at <anonymous class>.RequestReader.prototype._handleResponse(file:///var/folders/fv/b9qkx4vd1wz7t7gmly87p0s80000gn/T/anonymous6265581970985018701webdriver-profile/extensions/fxdriver@googlecode.com/components/httpd.js:1677)
	at <anonymous class>.RequestReader.prototype._processBody(file:///var/folders/fv/b9qkx4vd1wz7t7gmly87p0s80000gn/T/anonymous6265581970985018701webdriver-profile/extensions/fxdriver@googlecode.com/components/httpd.js:1525)
	at <anonymous class>.RequestReader.prototype.onInputStreamReady(file:///var/folders/fv/b9qkx4vd1wz7t7gmly87p0s80000gn/T/anonymous6265581970985018701webdriver-profile/extensions/fxdriver@googlecode.com/components/httpd.js:1393)
]]>
            </full-stacktrace>
          </exception> <!-- org.openqa.selenium.NoSuchWindowException -->
          <reporter-output>
          </reporter-output>
        </test-method> <!-- beforeClass -->
        <test-method status="SKIP" signature="verifyProductPrice()[pri:1, instance:testLibrary.SmokeTestRemoteProd@5e025e70]" name="verifyProductPrice" duration-ms="0" started-at="2016-06-06T21:13:14Z" description="Select seasonal product" finished-at="2016-06-06T21:13:14Z">
          <reporter-output>
          </reporter-output>
        </test-method> <!-- verifyProductPrice -->
        <test-method status="SKIP" signature="fillAccountForm()[pri:2, instance:testLibrary.SmokeTestRemoteProd@5e025e70]" name="fillAccountForm" duration-ms="0" started-at="2016-06-06T21:13:14Z" description="Fill the account data in the form" finished-at="2016-06-06T21:13:14Z">
          <reporter-output>
          </reporter-output>
        </test-method> <!-- fillAccountForm -->
        <test-method status="SKIP" signature="fillPaymentForm()[pri:3, instance:testLibrary.SmokeTestRemoteProd@5e025e70]" name="fillPaymentForm" duration-ms="0" started-at="2016-06-06T21:13:14Z" description="Fill the payment information in the form" finished-at="2016-06-06T21:13:14Z">
          <reporter-output>
          </reporter-output>
        </test-method> <!-- fillPaymentForm -->
        <test-method status="SKIP" signature="fillBillingForm()[pri:4, instance:testLibrary.SmokeTestRemoteProd@5e025e70]" name="fillBillingForm" duration-ms="0" started-at="2016-06-06T21:13:14Z" description="Fill the billing information in the form" finished-at="2016-06-06T21:13:14Z">
          <reporter-output>
          </reporter-output>
        </test-method> <!-- fillBillingForm -->
        <test-method status="SKIP" signature="fillShippingForm()[pri:5, instance:testLibrary.SmokeTestRemoteProd@5e025e70]" name="fillShippingForm" duration-ms="0" started-at="2016-06-06T21:13:14Z" description="Fill the shipping information in the form " finished-at="2016-06-06T21:13:14Z">
          <reporter-output>
          </reporter-output>
        </test-method> <!-- fillShippingForm -->
        <test-method status="SKIP" signature="afterClass()[pri:0, instance:testLibrary.SmokeTestRemoteProd@5e025e70]" name="afterClass" is-config="true" duration-ms="0" started-at="2016-06-06T21:13:14Z" finished-at="2016-06-06T21:13:14Z">
          <reporter-output>
          </reporter-output>
        </test-method> <!-- afterClass -->
        <test-method status="SKIP" signature="applyPromoCode()[pri:6, instance:testLibrary.SmokeTestRemoteProd@5e025e70]" name="applyPromoCode" duration-ms="0" started-at="2016-06-06T21:13:14Z" description="Apply promo code" finished-at="2016-06-06T21:13:14Z">
          <reporter-output>
          </reporter-output>
        </test-method> <!-- applyPromoCode -->
      </class> <!-- testLibrary.SmokeTestRemoteProd -->
    </test> <!-- Test Chrome -->
  </suite> <!-- Suite -->
</testng-results>
