<?xml version="1.0" encoding="UTF-8"?>
<!-- Generated by org.testng.reporters.JUnitXMLReporter -->
<testsuite hostname="MacBook-Pro-de-Juan.local" name="Test Chrome" tests="6" failures="0" timestamp="7 Jun 2016 02:13:15 GMT" time="24.891" errors="0">
  <testcase name="@BeforeClass beforeClass" time="0.0" classname="testLibrary.SmokeTestRemoteProd">
    <failure type="org.openqa.selenium.NoSuchWindowException" message="Window not found. The browser window may have been closed.
Build info: version: &amp;apos;2.53.0&amp;apos;, revision: &amp;apos;35ae25b&amp;apos;, time: &amp;apos;2016-03-15 17:00:58&amp;apos;
System info: host: &amp;apos;MacBook-Pro-de-Juan.local&amp;apos;, ip: &amp;apos;192.168.0.5&amp;apos;, os.name: &amp;apos;Mac OS X&amp;apos;, os.arch: &amp;apos;x86_64&amp;apos;, os.version: &amp;apos;10.11.5&amp;apos;, java.version: &amp;apos;1.8.0_91&amp;apos;
Driver info: driver.version: unknown
Command duration or timeout: 403 milliseconds
Build info: version: &amp;apos;2.53.0&amp;apos;, revision: &amp;apos;35ae25b&amp;apos;, time: &amp;apos;2016-03-15 16:57:40&amp;apos;
System info: host: &amp;apos;MacBook-Pro-de-Juan.local&amp;apos;, ip: &amp;apos;192.168.0.5&amp;apos;, os.name: &amp;apos;Mac OS X&amp;apos;, os.arch: &amp;apos;x86_64&amp;apos;, os.version: &amp;apos;10.11.5&amp;apos;, java.version: &amp;apos;1.8.0_91&amp;apos;
Driver info: org.openqa.selenium.remote.RemoteWebDriver
Capabilities [{applicationCacheEnabled=true, rotatable=false, handlesAlerts=true, databaseEnabled=true, version=46.0.1, platform=MAC, nativeEvents=false, elementScrollBehavior=1, acceptSslCerts=true, webdriver.remote.sessionid=cbcd9837-42cb-4648-92c9-7f751e859fa5, webStorageEnabled=true, locationContextEnabled=true, browserName=firefox, takesScreenshot=true, javascriptEnabled=true, cssSelectorsEnabled=true}]
Session ID: cbcd9837-42cb-4648-92c9-7f751e859fa5
*** Element info: {Using=css selector, value=section.product-select}">
      <![CDATA[org.openqa.selenium.NoSuchWindowException: Window not found. The browser window may have been closed.
Build info: version: '2.53.0', revision: '35ae25b', time: '2016-03-15 17:00:58'
System info: host: 'MacBook-Pro-de-Juan.local', ip: '192.168.0.5', os.name: 'Mac OS X', os.arch: 'x86_64', os.version: '10.11.5', java.version: '1.8.0_91'
Driver info: driver.version: unknown
Command duration or timeout: 403 milliseconds
Build info: version: '2.53.0', revision: '35ae25b', time: '2016-03-15 16:57:40'
System info: host: 'MacBook-Pro-de-Juan.local', ip: '192.168.0.5', os.name: 'Mac OS X', os.arch: 'x86_64', os.version: '10.11.5', java.version: '1.8.0_91'
Driver info: org.openqa.selenium.remote.RemoteWebDriver
Capabilities [{applicationCacheEnabled=true, rotatable=false, handlesAlerts=true, databaseEnabled=true, version=46.0.1, platform=MAC, nativeEvents=false, elementScrollBehavior=1, acceptSslCerts=true, webdriver.remote.sessionid=cbcd9837-42cb-4648-92c9-7f751e859fa5, webStorageEnabled=true, locationContextEnabled=true, browserName=firefox, takesScreenshot=true, javascriptEnabled=true, cssSelectorsEnabled=true}]
Session ID: cbcd9837-42cb-4648-92c9-7f751e859fa5
*** Element info: {Using=css selector, value=section.product-select}
	at org.openqa.selenium.remote.ErrorHandler.createThrowable(ErrorHandler.java:206)
	at org.openqa.selenium.remote.ErrorHandler.throwIfResponseFailed(ErrorHandler.java:158)
	at org.openqa.selenium.remote.RemoteWebDriver.execute(RemoteWebDriver.java:678)
	at org.openqa.selenium.remote.RemoteWebDriver.findElement(RemoteWebDriver.java:363)
	at org.openqa.selenium.remote.RemoteWebDriver.findElementByCssSelector(RemoteWebDriver.java:492)
	at org.openqa.selenium.By$ByCssSelector.findElement(By.java:430)
	at org.openqa.selenium.remote.RemoteWebDriver.findElement(RemoteWebDriver.java:355)
	at org.openqa.selenium.support.pagefactory.DefaultElementLocator.findElement(DefaultElementLocator.java:69)
	at org.openqa.selenium.support.pagefactory.AjaxElementLocator.access$0(AjaxElementLocator.java:1)
	at org.openqa.selenium.support.pagefactory.AjaxElementLocator$SlowLoadingElement.isLoaded(AjaxElementLocator.java:157)
	at org.openqa.selenium.support.ui.SlowLoadableComponent.get(SlowLoadableComponent.java:49)
	at org.openqa.selenium.support.pagefactory.AjaxElementLocator.findElement(AjaxElementLocator.java:87)
	at org.openqa.selenium.support.pagefactory.internal.LocatingElementHandler.invoke(LocatingElementHandler.java:38)
	at com.sun.proxy.$Proxy8.isDisplayed(Unknown Source)
	at poCheckout.Product.<init>(Product.java:36)
	at testLibrary.SmokeTestRemoteProd.beforeClass(SmokeTestRemoteProd.java:250)
Caused by: org.openqa.selenium.remote.ScreenshotException: Screen shot has been taken
Build info: version: '2.53.0', revision: '35ae25b', time: '2016-03-15 16:57:40'
System info: host: 'MacBook-Pro-de-Juan.local', ip: '192.168.0.5', os.name: 'Mac OS X', os.arch: 'x86_64', os.version: '10.11.5', java.version: '1.8.0_91'
Driver info: driver.version: RemoteWebDriver
	at org.openqa.selenium.remote.ErrorHandler.throwIfResponseFailed(ErrorHandler.java:138)
	... 37 more
Caused by: org.openqa.selenium.NoSuchWindowException: Window not found. The browser window may have been closed.
Build info: version: '2.53.0', revision: '35ae25b', time: '2016-03-15 17:00:58'
System info: host: 'MacBook-Pro-de-Juan.local', ip: '192.168.0.5', os.name: 'Mac OS X', os.arch: 'x86_64', os.version: '10.11.5', java.version: '1.8.0_91'
Driver info: driver.version: unknown
Build info: version: '2.53.0', revision: '35ae25b', time: '2016-03-15 16:57:40'
System info: host: 'MacBook-Pro-de-Juan.local', ip: '192.168.0.5', os.name: 'Mac OS X', os.arch: 'x86_64', os.version: '10.11.5', java.version: '1.8.0_91'
Driver info: driver.version: unknown
	at <anonymous class>.nsCommandProcessor.prototype.execute(file:///var/folders/fv/b9qkx4vd1wz7t7gmly87p0s80000gn/T/anonymous6265581970985018701webdriver-profile/extensions/fxdriver@googlecode.com/components/command-processor.js:12719)
	at <anonymous class>.Dispatcher.executeAs/<(file:///var/folders/fv/b9qkx4vd1wz7t7gmly87p0s80000gn/T/anonymous6265581970985018701webdriver-profile/extensions/fxdriver@googlecode.com/components/driver-component.js:9558)
	at <anonymous class>.Resource.prototype.handle(file:///var/folders/fv/b9qkx4vd1wz7t7gmly87p0s80000gn/T/anonymous6265581970985018701webdriver-profile/extensions/fxdriver@googlecode.com/components/driver-component.js:9705)
	at <anonymous class>.Dispatcher.prototype.dispatch(file:///var/folders/fv/b9qkx4vd1wz7t7gmly87p0s80000gn/T/anonymous6265581970985018701webdriver-profile/extensions/fxdriver@googlecode.com/components/driver-component.js:9652)
	at <anonymous class>.WebDriverServer/<.handle(file:///var/folders/fv/b9qkx4vd1wz7t7gmly87p0s80000gn/T/anonymous6265581970985018701webdriver-profile/extensions/fxdriver@googlecode.com/components/driver-component.js:12517)
	at <anonymous class>.createHandlerFunc/<(file:///var/folders/fv/b9qkx4vd1wz7t7gmly87p0s80000gn/T/anonymous6265581970985018701webdriver-profile/extensions/fxdriver@googlecode.com/components/httpd.js:2054)
	at <anonymous class>.ServerHandler.prototype.handleResponse(file:///var/folders/fv/b9qkx4vd1wz7t7gmly87p0s80000gn/T/anonymous6265581970985018701webdriver-profile/extensions/fxdriver@googlecode.com/components/httpd.js:2387)
	at <anonymous class>.Connection.prototype.process(file:///var/folders/fv/b9qkx4vd1wz7t7gmly87p0s80000gn/T/anonymous6265581970985018701webdriver-profile/extensions/fxdriver@googlecode.com/components/httpd.js:1223)
	at <anonymous class>.RequestReader.prototype._handleResponse(file:///var/folders/fv/b9qkx4vd1wz7t7gmly87p0s80000gn/T/anonymous6265581970985018701webdriver-profile/extensions/fxdriver@googlecode.com/components/httpd.js:1677)
	at <anonymous class>.RequestReader.prototype._processBody(file:///var/folders/fv/b9qkx4vd1wz7t7gmly87p0s80000gn/T/anonymous6265581970985018701webdriver-profile/extensions/fxdriver@googlecode.com/components/httpd.js:1525)
	at <anonymous class>.RequestReader.prototype.onInputStreamReady(file:///var/folders/fv/b9qkx4vd1wz7t7gmly87p0s80000gn/T/anonymous6265581970985018701webdriver-profile/extensions/fxdriver@googlecode.com/components/httpd.js:1393)
... Removed 27 stack frames]]>
    </failure>
  </testcase> <!-- @BeforeClass beforeClass -->
  <testcase name="@AfterClass afterClass" time="0.0" classname="testLibrary.SmokeTestRemoteProd">
    <skipped/>
  </testcase> <!-- @AfterClass afterClass -->
  <testcase name="verifyProductPrice" time="0.0" classname="testLibrary.SmokeTestRemoteProd">
    <skipped/>
  </testcase> <!-- verifyProductPrice -->
  <testcase name="fillAccountForm" time="0.0" classname="testLibrary.SmokeTestRemoteProd">
    <skipped/>
  </testcase> <!-- fillAccountForm -->
  <testcase name="fillPaymentForm" time="0.0" classname="testLibrary.SmokeTestRemoteProd">
    <skipped/>
  </testcase> <!-- fillPaymentForm -->
  <testcase name="fillBillingForm" time="0.0" classname="testLibrary.SmokeTestRemoteProd">
    <skipped/>
  </testcase> <!-- fillBillingForm -->
  <testcase name="fillShippingForm" time="0.0" classname="testLibrary.SmokeTestRemoteProd">
    <skipped/>
  </testcase> <!-- fillShippingForm -->
  <testcase name="applyPromoCode" time="0.0" classname="testLibrary.SmokeTestRemoteProd">
    <skipped/>
  </testcase> <!-- applyPromoCode -->
</testsuite> <!-- Test Chrome -->
