<?xml version="1.0" encoding="UTF-8"?>
<!-- Generated by org.testng.reporters.JUnitXMLReporter -->
<testsuite hostname="MacBook-Pro-de-Juan.local" name="Default test" tests="7" failures="0" timestamp="15 Jun 2016 22:13:27 GMT" time="0.074" errors="0">
  <testcase name="@BeforeTest setup" time="0.0" classname="testLibrary.SmokeTestRemote">
    <failure type="org.testng.TestNGException" message="
Parameter &amp;apos;browser&amp;apos; is required by @Configuration on method setup but has not been marked @Optional or defined
in /private/var/folders/fv/b9qkx4vd1wz7t7gmly87p0s80000gn/T/testng-eclipse--640952840/testng-customsuite.xml">
      <![CDATA[org.testng.TestNGException: 
Parameter 'browser' is required by @Configuration on method setup but has not been marked @Optional or defined
in /private/var/folders/fv/b9qkx4vd1wz7t7gmly87p0s80000gn/T/testng-eclipse--640952840/testng-customsuite.xml
	at org.testng.internal.Parameters.createParameters(Parameters.java:154)
	at org.testng.internal.Parameters.createParameters(Parameters.java:361)
	at org.testng.internal.Parameters.createConfigurationParameters(Parameters.java:84)
	at org.testng.internal.Invoker.invokeConfigurations(Invoker.java:197)
	at org.testng.internal.Invoker.invokeConfigurations(Invoker.java:138)
	at org.testng.TestRunner.beforeRun(TestRunner.java:648)
	at org.testng.TestRunner.run(TestRunner.java:616)
	at org.testng.SuiteRunner.runTest(SuiteRunner.java:359)
	at org.testng.SuiteRunner.runSequentially(SuiteRunner.java:354)
	at org.testng.SuiteRunner.privateRun(SuiteRunner.java:312)
	at org.testng.SuiteRunner.run(SuiteRunner.java:261)
	at org.testng.SuiteRunnerWorker.runSuite(SuiteRunnerWorker.java:52)
	at org.testng.SuiteRunnerWorker.run(SuiteRunnerWorker.java:86)
	at org.testng.TestNG.runSuitesSequentially(TestNG.java:1215)
	at org.testng.TestNG.runSuitesLocally(TestNG.java:1140)
	at org.testng.TestNG.run(TestNG.java:1048)
	at org.testng.remote.AbstractRemoteTestNG.run(AbstractRemoteTestNG.java:126)
	at org.testng.remote.RemoteTestNG.initAndRun(RemoteTestNG.java:137)
	at org.testng.remote.RemoteTestNG.main(RemoteTestNG.java:58)
]]>
    </failure>
  </testcase> <!-- @BeforeTest setup -->
  <testcase name="@BeforeClass beforeClass" time="0.0" classname="testLibrary.SmokeTestRemote">
    <skipped/>
  </testcase> <!-- @BeforeClass beforeClass -->
  <testcase name="@AfterClass afterClass" time="0.0" classname="testLibrary.SmokeTestRemote">
    <skipped/>
  </testcase> <!-- @AfterClass afterClass -->
  <testcase name="verifyProductPrice" time="0.007" classname="testLibrary.SmokeTestRemote">
    <skipped/>
  </testcase> <!-- verifyProductPrice -->
  <testcase name="fillAccountForm" time="0.002" classname="testLibrary.SmokeTestRemote">
    <skipped/>
  </testcase> <!-- fillAccountForm -->
  <testcase name="fillPaymentForm" time="0.001" classname="testLibrary.SmokeTestRemote">
    <skipped/>
  </testcase> <!-- fillPaymentForm -->
  <testcase name="fillBillingForm" time="0.001" classname="testLibrary.SmokeTestRemote">
    <skipped/>
  </testcase> <!-- fillBillingForm -->
  <testcase name="fillShippingForm" time="0.001" classname="testLibrary.SmokeTestRemote">
    <skipped/>
  </testcase> <!-- fillShippingForm -->
  <testcase name="applyPromoCode" time="0.002" classname="testLibrary.SmokeTestRemote">
    <skipped/>
  </testcase> <!-- applyPromoCode -->
  <testcase name="completeTheOrder" time="0.001" classname="testLibrary.SmokeTestRemote">
    <skipped/>
  </testcase> <!-- completeTheOrder -->
</testsuite> <!-- Default test -->
