<html>
<head>
<title>TestNG:  Default test</title>
<link href="../testng.css" rel="stylesheet" type="text/css" />
<link href="../my-testng.css" rel="stylesheet" type="text/css" />

<style type="text/css">
.log { display: none;} 
.stack-trace { display: none;} 
</style>
<script type="text/javascript">
<!--
function flip(e) {
  current = e.style.display;
  if (current == 'block') {
    e.style.display = 'none';
    return 0;
  }
  else {
    e.style.display = 'block';
    return 1;
  }
}

function toggleBox(szDivId, elem, msg1, msg2)
{
  var res = -1;  if (document.getElementById) {
    res = flip(document.getElementById(szDivId));
  }
  else if (document.all) {
    // this is the way old msie versions work
    res = flip(document.all[szDivId]);
  }
  if(elem) {
    if(res == 0) elem.innerHTML = msg1; else elem.innerHTML = msg2;
  }

}

function toggleAllBoxes() {
  if (document.getElementsByTagName) {
    d = document.getElementsByTagName('div');
    for (i = 0; i < d.length; i++) {
      if (d[i].className == 'log') {
        flip(d[i]);
      }
    }
  }
}

// -->
</script>

</head>
<body>
<h2 align='center'>Default test</h2><table border='1' align="center">
<tr>
<td>Tests passed/Failed/Skipped:</td><td>0/0/7</td>
</tr><tr>
<td>Started on:</td><td>Wed Jun 15 17:13:26 COT 2016</td>
</tr>
<tr><td>Total time:</td><td>0 seconds (74 ms)</td>
</tr><tr>
<td>Included groups:</td><td></td>
</tr><tr>
<td>Excluded groups:</td><td></td>
</tr>
</table><p/>
<small><i>(Hover the method name to see the test class name)</i></small><p/>
<table width='100%' border='1' class='invocation-failed'>
<tr><td colspan='4' align='center'><b>FAILED CONFIGURATIONS</b></td></tr>
<tr><td><b>Test method</b></td>
<td width="30%"><b>Exception</b></td>
<td width="10%"><b>Time (seconds)</b></td>
<td><b>Instance</b></td>
</tr>
<tr>
<td title='testLibrary.SmokeTestRemote.setup()'><b>setup</b><br>Test class: testLibrary.SmokeTestRemote</td>
<td><div><pre>org.testng.TestNGException: 
Parameter &apos;browser&apos; is required by @Configuration on method setup but has not been marked @Optional or defined
in /private/var/folders/fv/b9qkx4vd1wz7t7gmly87p0s80000gn/T/testng-eclipse--640952840/testng-customsuite.xml
	at org.testng.internal.Parameters.createParameters(Parameters.java:154)
	at org.testng.internal.Parameters.createParameters(Parameters.java:361)
	at org.testng.internal.Parameters.createConfigurationParameters(Parameters.java:84)
	at org.testng.internal.Invoker.invokeConfigurations(Invoker.java:197)
	at org.testng.internal.Invoker.invokeConfigurations(Invoker.java:138)
	at org.testng.TestRunner.beforeRun(TestRunner.java:648)
	at org.testng.TestRunner.run(TestRunner.java:616)
	at org.testng.SuiteRunner.runTest(SuiteRunner.java:359)
	at org.testng.SuiteRunner.runSequentially(SuiteRunner.java:354)
	at org.testng.SuiteRunner.privateRun(SuiteRunner.java:312)
	at org.testng.SuiteRunner.run(SuiteRunner.java:261)
	at org.testng.SuiteRunnerWorker.runSuite(SuiteRunnerWorker.java:52)
	at org.testng.SuiteRunnerWorker.run(SuiteRunnerWorker.java:86)
	at org.testng.TestNG.runSuitesSequentially(TestNG.java:1215)
	at org.testng.TestNG.runSuitesLocally(TestNG.java:1140)
	at org.testng.TestNG.run(TestNG.java:1048)
	at org.testng.remote.AbstractRemoteTestNG.run(AbstractRemoteTestNG.java:126)
	at org.testng.remote.RemoteTestNG.initAndRun(RemoteTestNG.java:137)
	at org.testng.remote.RemoteTestNG.main(RemoteTestNG.java:58)
</pre></div><a href='#' onClick='toggleBox("stack-trace1459672753", this, "Click to show all stack frames", "Click to hide stack frames")'>Click to show all stack frames</a>
<div class='stack-trace' id='stack-trace1459672753'><pre>org.testng.TestNGException: 
Parameter &apos;browser&apos; is required by @Configuration on method setup but has not been marked @Optional or defined
in /private/var/folders/fv/b9qkx4vd1wz7t7gmly87p0s80000gn/T/testng-eclipse--640952840/testng-customsuite.xml
	at org.testng.internal.Parameters.createParameters(Parameters.java:154)
	at org.testng.internal.Parameters.createParameters(Parameters.java:361)
	at org.testng.internal.Parameters.createConfigurationParameters(Parameters.java:84)
	at org.testng.internal.Invoker.invokeConfigurations(Invoker.java:197)
	at org.testng.internal.Invoker.invokeConfigurations(Invoker.java:138)
	at org.testng.TestRunner.beforeRun(TestRunner.java:648)
	at org.testng.TestRunner.run(TestRunner.java:616)
	at org.testng.SuiteRunner.runTest(SuiteRunner.java:359)
	at org.testng.SuiteRunner.runSequentially(SuiteRunner.java:354)
	at org.testng.SuiteRunner.privateRun(SuiteRunner.java:312)
	at org.testng.SuiteRunner.run(SuiteRunner.java:261)
	at org.testng.SuiteRunnerWorker.runSuite(SuiteRunnerWorker.java:52)
	at org.testng.SuiteRunnerWorker.run(SuiteRunnerWorker.java:86)
	at org.testng.TestNG.runSuitesSequentially(TestNG.java:1215)
	at org.testng.TestNG.runSuitesLocally(TestNG.java:1140)
	at org.testng.TestNG.run(TestNG.java:1048)
	at org.testng.remote.AbstractRemoteTestNG.run(AbstractRemoteTestNG.java:126)
	at org.testng.remote.RemoteTestNG.initAndRun(RemoteTestNG.java:137)
	at org.testng.remote.RemoteTestNG.main(RemoteTestNG.java:58)
</pre></div></td>
<td>0</td>
<td>null</td></tr>
</table><p>
<table width='100%' border='1' class='invocation-skipped'>
<tr><td colspan='4' align='center'><b>SKIPPED CONFIGURATIONS</b></td></tr>
<tr><td><b>Test method</b></td>
<td width="30%"><b>Exception</b></td>
<td width="10%"><b>Time (seconds)</b></td>
<td><b>Instance</b></td>
</tr>
<tr>
<td title='testLibrary.SmokeTestRemote.beforeClass()'><b>beforeClass</b><br>Test class: testLibrary.SmokeTestRemote</td>
<td></td>
<td>0</td>
<td>testLibrary.SmokeTestRemote@47c62251</td></tr>
<tr>
<td title='testLibrary.SmokeTestRemote.afterClass()'><b>afterClass</b><br>Test class: testLibrary.SmokeTestRemote</td>
<td></td>
<td>0</td>
<td>testLibrary.SmokeTestRemote@47c62251</td></tr>
</table><p>
<table width='100%' border='1' class='invocation-skipped'>
<tr><td colspan='4' align='center'><b>SKIPPED TESTS</b></td></tr>
<tr><td><b>Test method</b></td>
<td width="30%"><b>Exception</b></td>
<td width="10%"><b>Time (seconds)</b></td>
<td><b>Instance</b></td>
</tr>
<tr>
<td title='testLibrary.SmokeTestRemote.applyPromoCode()'><b>applyPromoCode</b><br>Test class: testLibrary.SmokeTestRemote<br>Test method: Apply promo code</td>
<td></td>
<td>0</td>
<td>testLibrary.SmokeTestRemote@47c62251</td></tr>
<tr>
<td title='testLibrary.SmokeTestRemote.completeTheOrder()'><b>completeTheOrder</b><br>Test class: testLibrary.SmokeTestRemote<br>Test method: Accept the terms and conditions and complete the order</td>
<td></td>
<td>0</td>
<td>testLibrary.SmokeTestRemote@47c62251</td></tr>
<tr>
<td title='testLibrary.SmokeTestRemote.fillAccountForm()'><b>fillAccountForm</b><br>Test class: testLibrary.SmokeTestRemote<br>Test method: Fill the account data in the form</td>
<td></td>
<td>0</td>
<td>testLibrary.SmokeTestRemote@47c62251</td></tr>
<tr>
<td title='testLibrary.SmokeTestRemote.fillBillingForm()'><b>fillBillingForm</b><br>Test class: testLibrary.SmokeTestRemote<br>Test method: Fill the billing information in the form</td>
<td></td>
<td>0</td>
<td>testLibrary.SmokeTestRemote@47c62251</td></tr>
<tr>
<td title='testLibrary.SmokeTestRemote.fillPaymentForm()'><b>fillPaymentForm</b><br>Test class: testLibrary.SmokeTestRemote<br>Test method: Fill the payment information in the form</td>
<td></td>
<td>0</td>
<td>testLibrary.SmokeTestRemote@47c62251</td></tr>
<tr>
<td title='testLibrary.SmokeTestRemote.fillShippingForm()'><b>fillShippingForm</b><br>Test class: testLibrary.SmokeTestRemote<br>Test method: Fill the shipping information in the form </td>
<td></td>
<td>0</td>
<td>testLibrary.SmokeTestRemote@47c62251</td></tr>
<tr>
<td title='testLibrary.SmokeTestRemote.verifyProductPrice()'><b>verifyProductPrice</b><br>Test class: testLibrary.SmokeTestRemote<br>Test method: Select seasonal product</td>
<td></td>
<td>0</td>
<td>testLibrary.SmokeTestRemote@47c62251</td></tr>
</table><p>
</body>
</html>