<?xml version="1.0" encoding="UTF-8"?>
<!-- Generated by org.testng.reporters.JUnitXMLReporter -->
<testsuite hostname="MacBook-Pro-de-Juan.local" name="Test FF" tests="2" failures="1" timestamp="29 May 2016 05:00:41 GMT" time="21.014" errors="0">
  <testcase name="verifyProductPrice" time="5.449" classname="testLibrary.SmokeTest"/>
  <testcase name="fillForm" time="1.258" classname="testLibrary.SmokeTest">
    <failure type="org.openqa.selenium.WebDriverException" message="Element is not clickable at point (201, 12.283340454101562). Other element would receive the click: &amp;lt;img src=&amp;quot;http://ocxdev.beautycon.com/profiles/beautycon_profile/themes/beautycon/logo.png&amp;quot;&amp;gt;
Command duration or timeout: 160 milliseconds
Build info: version: &amp;apos;2.53.0&amp;apos;, revision: &amp;apos;35ae25b&amp;apos;, time: &amp;apos;2016-03-15 16:57:40&amp;apos;
System info: host: &amp;apos;MacBook-Pro-de-Juan.local&amp;apos;, ip: &amp;apos;192.168.0.23&amp;apos;, os.name: &amp;apos;Mac OS X&amp;apos;, os.arch: &amp;apos;x86_64&amp;apos;, os.version: &amp;apos;10.11.5&amp;apos;, java.version: &amp;apos;1.8.0_91&amp;apos;
Driver info: org.openqa.selenium.firefox.FirefoxDriver
Capabilities [{applicationCacheEnabled=true, rotatable=false, handlesAlerts=true, databaseEnabled=true, version=46.0.1, platform=MAC, nativeEvents=false, acceptSslCerts=true, webStorageEnabled=true, locationContextEnabled=true, browserName=firefox, takesScreenshot=true, javascriptEnabled=true, cssSelectorsEnabled=true}]
Session ID: dd2c3b27-0a92-cd43-b74b-b4d1061f6afe">
      <![CDATA[org.openqa.selenium.WebDriverException: Element is not clickable at point (201, 12.283340454101562). Other element would receive the click: <img src="http://ocxdev.beautycon.com/profiles/beautycon_profile/themes/beautycon/logo.png">
Command duration or timeout: 160 milliseconds
Build info: version: '2.53.0', revision: '35ae25b', time: '2016-03-15 16:57:40'
System info: host: 'MacBook-Pro-de-Juan.local', ip: '192.168.0.23', os.name: 'Mac OS X', os.arch: 'x86_64', os.version: '10.11.5', java.version: '1.8.0_91'
Driver info: org.openqa.selenium.firefox.FirefoxDriver
Capabilities [{applicationCacheEnabled=true, rotatable=false, handlesAlerts=true, databaseEnabled=true, version=46.0.1, platform=MAC, nativeEvents=false, acceptSslCerts=true, webStorageEnabled=true, locationContextEnabled=true, browserName=firefox, takesScreenshot=true, javascriptEnabled=true, cssSelectorsEnabled=true}]
Session ID: dd2c3b27-0a92-cd43-b74b-b4d1061f6afe
	at org.openqa.selenium.remote.ErrorHandler.createThrowable(ErrorHandler.java:206)
	at org.openqa.selenium.remote.ErrorHandler.throwIfResponseFailed(ErrorHandler.java:158)
	at org.openqa.selenium.remote.RemoteWebDriver.execute(RemoteWebDriver.java:678)
	at org.openqa.selenium.remote.RemoteWebElement.execute(RemoteWebElement.java:327)
	at org.openqa.selenium.remote.RemoteWebElement.click(RemoteWebElement.java:85)
	at org.openqa.selenium.support.pagefactory.internal.LocatingElementHandler.invoke(LocatingElementHandler.java:51)
	at com.sun.proxy.$Proxy9.click(Unknown Source)
	at poCheckout.Form.clickOnAge(Form.java:187)
	at poCheckout.Form.fillForm(Form.java:364)
	at testLibrary.SmokeTest.fillForm(SmokeTest.java:60)
... Removed 32 stack frames]]>
    </failure>
  </testcase> <!-- fillForm -->
</testsuite> <!-- Test FF -->
